cl : Command line warning D9035: option 'Gm' has been deprecated and will be removed in a future release
  pch.cpp
c:\users\pavlo\source\repos\dronmovementmanager\sattelitesimulator\packages\microsoft.googletest.v140.windesktop.msvcstl.static.rt-dyn.1.8.0\build\native\include\gtest\internal\gtest-port.h(996): warning C4996: 'std::tr1': warning STL4002: The non-Standard std::tr1 namespace and TR1-only machinery are deprecated and will be REMOVED. You can define _SILENCE_TR1_NAMESPACE_DEPRECATION_WARNING to acknowledge that you have received this warning.
  d:\programdata\microsoft\visualstudio\packages\vc\tools\msvc\14.16.27023\include\tuple(1333): note: see declaration of 'std::tr1'
c:\users\pavlo\source\repos\dronmovementmanager\sattelitesimulator\packages\microsoft.googletest.v140.windesktop.msvcstl.static.rt-dyn.1.8.0\build\native\include\gtest\internal\gtest-port.h(997): warning C4996: 'std::tr1': warning STL4002: The non-Standard std::tr1 namespace and TR1-only machinery are deprecated and will be REMOVED. You can define _SILENCE_TR1_NAMESPACE_DEPRECATION_WARNING to acknowledge that you have received this warning.
  d:\programdata\microsoft\visualstudio\packages\vc\tools\msvc\14.16.27023\include\tuple(1333): note: see declaration of 'std::tr1'
c:\users\pavlo\source\repos\dronmovementmanager\sattelitesimulator\packages\microsoft.googletest.v140.windesktop.msvcstl.static.rt-dyn.1.8.0\build\native\include\gtest\internal\gtest-port.h(998): warning C4996: 'std::tr1': warning STL4002: The non-Standard std::tr1 namespace and TR1-only machinery are deprecated and will be REMOVED. You can define _SILENCE_TR1_NAMESPACE_DEPRECATION_WARNING to acknowledge that you have received this warning.
  d:\programdata\microsoft\visualstudio\packages\vc\tools\msvc\14.16.27023\include\tuple(1333): note: see declaration of 'std::tr1'
c:\users\pavlo\source\repos\dronmovementmanager\sattelitesimulator\packages\microsoft.googletest.v140.windesktop.msvcstl.static.rt-dyn.1.8.0\build\native\include\gtest\internal\gtest-port.h(999): warning C4996: 'std::tr1': warning STL4002: The non-Standard std::tr1 namespace and TR1-only machinery are deprecated and will be REMOVED. You can define _SILENCE_TR1_NAMESPACE_DEPRECATION_WARNING to acknowledge that you have received this warning.
  d:\programdata\microsoft\visualstudio\packages\vc\tools\msvc\14.16.27023\include\tuple(1333): note: see declaration of 'std::tr1'
c:\users\pavlo\source\repos\dronmovementmanager\sattelitesimulator\packages\microsoft.googletest.v140.windesktop.msvcstl.static.rt-dyn.1.8.0\build\native\include\gtest\internal\gtest-port.h(1000): warning C4996: 'std::tr1': warning STL4002: The non-Standard std::tr1 namespace and TR1-only machinery are deprecated and will be REMOVED. You can define _SILENCE_TR1_NAMESPACE_DEPRECATION_WARNING to acknowledge that you have received this warning.
  d:\programdata\microsoft\visualstudio\packages\vc\tools\msvc\14.16.27023\include\tuple(1333): note: see declaration of 'std::tr1'
c:\users\pavlo\source\repos\dronmovementmanager\sattelitesimulator\packages\microsoft.googletest.v140.windesktop.msvcstl.static.rt-dyn.1.8.0\build\native\include\gtest\gtest-printers.h(600): warning C4996: 'std::tr1': warning STL4002: The non-Standard std::tr1 namespace and TR1-only machinery are deprecated and will be REMOVED. You can define _SILENCE_TR1_NAMESPACE_DEPRECATION_WARNING to acknowledge that you have received this warning.
  d:\programdata\microsoft\visualstudio\packages\vc\tools\msvc\14.16.27023\include\tuple(1333): note: see declaration of 'std::tr1'
c:\users\pavlo\source\repos\dronmovementmanager\sattelitesimulator\packages\microsoft.googletest.v140.windesktop.msvcstl.static.rt-dyn.1.8.0\build\native\include\gtest\gtest-printers.h(605): warning C4996: 'std::tr1': warning STL4002: The non-Standard std::tr1 namespace and TR1-only machinery are deprecated and will be REMOVED. You can define _SILENCE_TR1_NAMESPACE_DEPRECATION_WARNING to acknowledge that you have received this warning.
  d:\programdata\microsoft\visualstudio\packages\vc\tools\msvc\14.16.27023\include\tuple(1333): note: see declaration of 'std::tr1'
c:\users\pavlo\source\repos\dronmovementmanager\sattelitesimulator\packages\microsoft.googletest.v140.windesktop.msvcstl.static.rt-dyn.1.8.0\build\native\include\gtest\gtest-printers.h(610): warning C4996: 'std::tr1': warning STL4002: The non-Standard std::tr1 namespace and TR1-only machinery are deprecated and will be REMOVED. You can define _SILENCE_TR1_NAMESPACE_DEPRECATION_WARNING to acknowledge that you have received this warning.
  d:\programdata\microsoft\visualstudio\packages\vc\tools\msvc\14.16.27023\include\tuple(1333): note: see declaration of 'std::tr1'
c:\users\pavlo\source\repos\dronmovementmanager\sattelitesimulator\packages\microsoft.googletest.v140.windesktop.msvcstl.static.rt-dyn.1.8.0\build\native\include\gtest\gtest-printers.h(615): warning C4996: 'std::tr1': warning STL4002: The non-Standard std::tr1 namespace and TR1-only machinery are deprecated and will be REMOVED. You can define _SILENCE_TR1_NAMESPACE_DEPRECATION_WARNING to acknowledge that you have received this warning.
  d:\programdata\microsoft\visualstudio\packages\vc\tools\msvc\14.16.27023\include\tuple(1333): note: see declaration of 'std::tr1'
c:\users\pavlo\source\repos\dronmovementmanager\sattelitesimulator\packages\microsoft.googletest.v140.windesktop.msvcstl.static.rt-dyn.1.8.0\build\native\include\gtest\gtest-printers.h(620): warning C4996: 'std::tr1': warning STL4002: The non-Standard std::tr1 namespace and TR1-only machinery are deprecated and will be REMOVED. You can define _SILENCE_TR1_NAMESPACE_DEPRECATION_WARNING to acknowledge that you have received this warning.
  d:\programdata\microsoft\visualstudio\packages\vc\tools\msvc\14.16.27023\include\tuple(1333): note: see declaration of 'std::tr1'
c:\users\pavlo\source\repos\dronmovementmanager\sattelitesimulator\packages\microsoft.googletest.v140.windesktop.msvcstl.static.rt-dyn.1.8.0\build\native\include\gtest\gtest-printers.h(625): warning C4996: 'std::tr1': warning STL4002: The non-Standard std::tr1 namespace and TR1-only machinery are deprecated and will be REMOVED. You can define _SILENCE_TR1_NAMESPACE_DEPRECATION_WARNING to acknowledge that you have received this warning.
  d:\programdata\microsoft\visualstudio\packages\vc\tools\msvc\14.16.27023\include\tuple(1333): note: see declaration of 'std::tr1'
c:\users\pavlo\source\repos\dronmovementmanager\sattelitesimulator\packages\microsoft.googletest.v140.windesktop.msvcstl.static.rt-dyn.1.8.0\build\native\include\gtest\gtest-printers.h(632): warning C4996: 'std::tr1': warning STL4002: The non-Standard std::tr1 namespace and TR1-only machinery are deprecated and will be REMOVED. You can define _SILENCE_TR1_NAMESPACE_DEPRECATION_WARNING to acknowledge that you have received this warning.
  d:\programdata\microsoft\visualstudio\packages\vc\tools\msvc\14.16.27023\include\tuple(1333): note: see declaration of 'std::tr1'
c:\users\pavlo\source\repos\dronmovementmanager\sattelitesimulator\packages\microsoft.googletest.v140.windesktop.msvcstl.static.rt-dyn.1.8.0\build\native\include\gtest\gtest-printers.h(639): warning C4996: 'std::tr1': warning STL4002: The non-Standard std::tr1 namespace and TR1-only machinery are deprecated and will be REMOVED. You can define _SILENCE_TR1_NAMESPACE_DEPRECATION_WARNING to acknowledge that you have received this warning.
  d:\programdata\microsoft\visualstudio\packages\vc\tools\msvc\14.16.27023\include\tuple(1333): note: see declaration of 'std::tr1'
c:\users\pavlo\source\repos\dronmovementmanager\sattelitesimulator\packages\microsoft.googletest.v140.windesktop.msvcstl.static.rt-dyn.1.8.0\build\native\include\gtest\gtest-printers.h(646): warning C4996: 'std::tr1': warning STL4002: The non-Standard std::tr1 namespace and TR1-only machinery are deprecated and will be REMOVED. You can define _SILENCE_TR1_NAMESPACE_DEPRECATION_WARNING to acknowledge that you have received this warning.
  d:\programdata\microsoft\visualstudio\packages\vc\tools\msvc\14.16.27023\include\tuple(1333): note: see declaration of 'std::tr1'
c:\users\pavlo\source\repos\dronmovementmanager\sattelitesimulator\packages\microsoft.googletest.v140.windesktop.msvcstl.static.rt-dyn.1.8.0\build\native\include\gtest\gtest-printers.h(653): warning C4996: 'std::tr1': warning STL4002: The non-Standard std::tr1 namespace and TR1-only machinery are deprecated and will be REMOVED. You can define _SILENCE_TR1_NAMESPACE_DEPRECATION_WARNING to acknowledge that you have received this warning.
  d:\programdata\microsoft\visualstudio\packages\vc\tools\msvc\14.16.27023\include\tuple(1333): note: see declaration of 'std::tr1'
c:\users\pavlo\source\repos\dronmovementmanager\sattelitesimulator\packages\microsoft.googletest.v140.windesktop.msvcstl.static.rt-dyn.1.8.0\build\native\include\gtest\gtest-printers.h(661): warning C4996: 'std::tr1': warning STL4002: The non-Standard std::tr1 namespace and TR1-only machinery are deprecated and will be REMOVED. You can define _SILENCE_TR1_NAMESPACE_DEPRECATION_WARNING to acknowledge that you have received this warning.
  d:\programdata\microsoft\visualstudio\packages\vc\tools\msvc\14.16.27023\include\tuple(1333): note: see declaration of 'std::tr1'
c:\users\pavlo\source\repos\dronmovementmanager\sattelitesimulator\packages\microsoft.googletest.v140.windesktop.msvcstl.static.rt-dyn.1.8.0\build\native\include\gtest\gtest-printers.h(878): warning C4996: 'std::tr1': warning STL4002: The non-Standard std::tr1 namespace and TR1-only machinery are deprecated and will be REMOVED. You can define _SILENCE_TR1_NAMESPACE_DEPRECATION_WARNING to acknowledge that you have received this warning.
  d:\programdata\microsoft\visualstudio\packages\vc\tools\msvc\14.16.27023\include\tuple(1333): note: see declaration of 'std::tr1'
  c:\users\pavlo\source\repos\dronmovementmanager\sattelitesimulator\packages\microsoft.googletest.v140.windesktop.msvcstl.static.rt-dyn.1.8.0\build\native\include\gtest\gtest-printers.h(878): note: see reference to class template instantiation 'testing::internal::TuplePolicy<TupleT>::tuple_element<I>' being compiled
  c:\users\pavlo\source\repos\dronmovementmanager\sattelitesimulator\packages\microsoft.googletest.v140.windesktop.msvcstl.static.rt-dyn.1.8.0\build\native\include\gtest\gtest-printers.h(886): note: see reference to class template instantiation 'testing::internal::TuplePolicy<TupleT>' being compiled
c:\users\pavlo\source\repos\dronmovementmanager\sattelitesimulator\packages\microsoft.googletest.v140.windesktop.msvcstl.static.rt-dyn.1.8.0\build\native\include\gtest\gtest-printers.h(882): warning C4996: 'std::tr1': warning STL4002: The non-Standard std::tr1 namespace and TR1-only machinery are deprecated and will be REMOVED. You can define _SILENCE_TR1_NAMESPACE_DEPRECATION_WARNING to acknowledge that you have received this warning.
  d:\programdata\microsoft\visualstudio\packages\vc\tools\msvc\14.16.27023\include\tuple(1333): note: see declaration of 'std::tr1'
c:\users\pavlo\source\repos\dronmovementmanager\sattelitesimulator\packages\microsoft.googletest.v140.windesktop.msvcstl.static.rt-dyn.1.8.0\build\native\include\gtest\gtest-printers.h(875): warning C4996: 'std::tr1': warning STL4002: The non-Standard std::tr1 namespace and TR1-only machinery are deprecated and will be REMOVED. You can define _SILENCE_TR1_NAMESPACE_DEPRECATION_WARNING to acknowledge that you have received this warning.
  d:\programdata\microsoft\visualstudio\packages\vc\tools\msvc\14.16.27023\include\tuple(1333): note: see declaration of 'std::tr1'
  c:\users\pavlo\source\repos\dronmovementmanager\sattelitesimulator\packages\microsoft.googletest.v140.windesktop.msvcstl.static.rt-dyn.1.8.0\build\native\include\gtest\gtest-printers.h(961): note: see reference to class template instantiation 'testing::internal::TuplePolicy<Tuple>' being compiled
          with
          [
              Tuple=std::tuple<>
          ]
  c:\users\pavlo\source\repos\dronmovementmanager\sattelitesimulator\packages\microsoft.googletest.v140.windesktop.msvcstl.static.rt-dyn.1.8.0\build\native\include\gtest\gtest-printers.h(601): note: see reference to function template instantiation 'void testing::internal::PrintTupleTo<std::tuple<>>(const T &,std::ostream *)' being compiled
          with
          [
              T=std::tuple<>
          ]
cl : Command line warning D9035: option 'Gm' has been deprecated and will be removed in a future release
  ObjectTests.cpp
ObjectTests.obj : error LNK2019: unresolved external symbol "public: __thiscall simulator::Point::Point(double,double,double)" (??0Point@simulator@@QAE@NNN@Z) referenced in function "public: __thiscall simulator::MassPoint::MassPoint(double,double,double,double)" (??0MassPoint@simulator@@QAE@NNNN@Z)
ObjectTests.obj : error LNK2001: unresolved external symbol "public: virtual void __thiscall simulator::Point::Move(double)" (?Move@Point@simulator@@UAEXN@Z)
ObjectTests.obj : error LNK2001: unresolved external symbol "public: virtual void __thiscall simulator::Point::Rotate(double)" (?Rotate@Point@simulator@@UAEXN@Z)
ObjectTests.obj : error LNK2019: unresolved external symbol "public: __thiscall simulator::Point::~Point(void)" (??1Point@simulator@@QAE@XZ) referenced in function "private: virtual void __thiscall ObjectTest3_TestStartSpeedsAsim_Test::TestBody(void)" (?TestBody@ObjectTest3_TestStartSpeedsAsim_Test@@EAEXXZ)
ObjectTests.obj : error LNK2019: unresolved external symbol "public: __thiscall simulator::MassPoint::~MassPoint(void)" (??1MassPoint@simulator@@QAE@XZ) referenced in function "class simulator::Object __cdecl SimetricalObject(void)" (?SimetricalObject@@YA?AVObject@simulator@@XZ)
ObjectTests.obj : error LNK2019: unresolved external symbol "public: __thiscall simulator::ForcePoint::ForcePoint(class Eigen::Matrix<double,3,1,0,3,1>,double,double,double)" (??0ForcePoint@simulator@@QAE@V?$Matrix@N$02$00$0A@$02$00@Eigen@@NNN@Z) referenced in function "class simulator::Object __cdecl SimetricalObject(void)" (?SimetricalObject@@YA?AVObject@simulator@@XZ)
ObjectTests.obj : error LNK2001: unresolved external symbol "public: virtual void __thiscall simulator::ForcePoint::Rotate(double)" (?Rotate@ForcePoint@simulator@@UAEXN@Z)
ObjectTests.obj : error LNK2019: unresolved external symbol "public: __thiscall simulator::ForcePoint::~ForcePoint(void)" (??1ForcePoint@simulator@@QAE@XZ) referenced in function "class simulator::Object __cdecl SimetricalObject(void)" (?SimetricalObject@@YA?AVObject@simulator@@XZ)
ObjectTests.obj : error LNK2019: unresolved external symbol "public: __thiscall simulator::Object::Object(class std::basic_string<char,struct std::char_traits<char>,class std::allocator<char> >,class std::vector<class simulator::MassPoint,class std::allocator<class simulator::MassPoint> > &,class std::vector<class simulator::ForcePoint,class std::allocator<class simulator::ForcePoint> > &)" (??0Object@simulator@@QAE@V?$basic_string@DU?$char_traits@D@std@@V?$allocator@D@2@@std@@AAV?$vector@VMassPoint@simulator@@V?$allocator@VMassPoint@simulator@@@std@@@3@AAV?$vector@VForcePoint@simulator@@V?$allocator@VForcePoint@simulator@@@std@@@3@@Z) referenced in function "class simulator::Object __cdecl SimetricalObject(void)" (?SimetricalObject@@YA?AVObject@simulator@@XZ)
ObjectTests.obj : error LNK2019: unresolved external symbol "public: void __thiscall simulator::Object::PowerToPoint(int,double,double)" (?PowerToPoint@Object@simulator@@QAEXHNN@Z) referenced in function "private: virtual void __thiscall ObjectTest3_TestStartSpeedsAsim_Test::TestBody(void)" (?TestBody@ObjectTest3_TestStartSpeedsAsim_Test@@EAEXXZ)
ObjectTests.obj : error LNK2001: unresolved external symbol "public: virtual void __thiscall simulator::Object::Move(double)" (?Move@Object@simulator@@UAEXN@Z)
ObjectTests.obj : error LNK2001: unresolved external symbol "public: virtual void __thiscall simulator::Object::Rotate(double)" (?Rotate@Object@simulator@@UAEXN@Z)
ObjectTests.obj : error LNK2019: unresolved external symbol "public: class Eigen::Matrix<double,3,1,0,3,1> __thiscall simulator::Object::GetRotationSpeeds(void)" (?GetRotationSpeeds@Object@simulator@@QAE?AV?$Matrix@N$02$00$0A@$02$00@Eigen@@XZ) referenced in function "private: virtual void __thiscall ObjectTest1_TestStartSpeedsSim_Test::TestBody(void)" (?TestBody@ObjectTest1_TestStartSpeedsSim_Test@@EAEXXZ)
ObjectTests.obj : error LNK2019: unresolved external symbol "public: class simulator::Point __thiscall simulator::Object::GetPoint(int,char)" (?GetPoint@Object@simulator@@QAE?AVPoint@2@HD@Z) referenced in function "private: virtual void __thiscall ObjectTest3_TestStartSpeedsAsim_Test::TestBody(void)" (?TestBody@ObjectTest3_TestStartSpeedsAsim_Test@@EAEXXZ)
ObjectTests.obj : error LNK2019: unresolved external symbol "public: __thiscall simulator::Object::~Object(void)" (??1Object@simulator@@QAE@XZ) referenced in function "class simulator::Object __cdecl SimetricalObject(void)" (?SimetricalObject@@YA?AVObject@simulator@@XZ)
C:\Users\pavlo\source\repos\DronMovementManager\SatteliteSimulator\Debug\Simulation.Tests.exe : fatal error LNK1120: 15 unresolved externals
